.next/dev/types/validator.ts(459,31): error TS2344: Type 'typeof import("D:/Projects/work-bridge/src/app/api/jobs/[id]/candidates/[candidateId]/qualifications/route")' does not satisfy the constraint 'RouteHandlerConfig<"/api/jobs/[id]/candidates/[candidateId]/qualifications">'.
  Types of property 'GET' are incompatible.
    Type '(_request: Request, { params }: { params: { id: string; candidateId: string; }; }) => Promise<NextResponse<{ error: string; }> | NextResponse<{ id: any; url: any; fileName: any; parsedQualification: any; isNameVerified: any; createdAt: any; }[]>>' is not assignable to type '(request: NextRequest, context: { params: Promise<{ id: string; candidateId: string; }>; }) => void | Response | Promise<void | Response>'.
      Types of parameters '__1' and 'context' are incompatible.
        Type '{ params: Promise<{ id: string; candidateId: string; }>; }' is not assignable to type '{ params: { id: string; candidateId: string; }; }'.
          Types of property 'params' are incompatible.
            Type 'Promise<{ id: string; candidateId: string; }>' is missing the following properties from type '{ id: string; candidateId: string; }': id, candidateId
.next/dev/types/validator.ts(477,31): error TS2344: Type 'typeof import("D:/Projects/work-bridge/src/app/api/jobs/[id]/route")' does not satisfy the constraint 'RouteHandlerConfig<"/api/jobs/[id]">'.
  Types of property 'GET' are incompatible.
    Type '(request: Request, { params }: { params: { id: string; }; }) => Promise<NextResponse<any>>' is not assignable to type '(request: NextRequest, context: { params: Promise<{ id: string; }>; }) => void | Response | Promise<void | Response>'.
      Types of parameters '__1' and 'context' are incompatible.
        Type '{ params: Promise<{ id: string; }>; }' is not assignable to type '{ params: { id: string; }; }'.
          Types of property 'params' are incompatible.
            Property 'id' is missing in type 'Promise<{ id: string; }>' but required in type '{ id: string; }'.
.next/types/validator.ts(459,31): error TS2344: Type 'typeof import("D:/Projects/work-bridge/src/app/api/jobs/[id]/candidates/[candidateId]/qualifications/route")' does not satisfy the constraint 'RouteHandlerConfig<"/api/jobs/[id]/candidates/[candidateId]/qualifications">'.
  Types of property 'GET' are incompatible.
    Type '(_request: Request, { params }: { params: { id: string; candidateId: string; }; }) => Promise<NextResponse<{ error: string; }> | NextResponse<{ id: any; url: any; fileName: any; parsedQualification: any; isNameVerified: any; createdAt: any; }[]>>' is not assignable to type '(request: NextRequest, context: { params: Promise<{ id: string; candidateId: string; }>; }) => void | Response | Promise<void | Response>'.
      Types of parameters '__1' and 'context' are incompatible.
        Type '{ params: Promise<{ id: string; candidateId: string; }>; }' is not assignable to type '{ params: { id: string; candidateId: string; }; }'.
          Types of property 'params' are incompatible.
            Type 'Promise<{ id: string; candidateId: string; }>' is missing the following properties from type '{ id: string; candidateId: string; }': id, candidateId
.next/types/validator.ts(477,31): error TS2344: Type 'typeof import("D:/Projects/work-bridge/src/app/api/jobs/[id]/route")' does not satisfy the constraint 'RouteHandlerConfig<"/api/jobs/[id]">'.
  Types of property 'GET' are incompatible.
    Type '(request: Request, { params }: { params: { id: string; }; }) => Promise<NextResponse<any>>' is not assignable to type '(request: NextRequest, context: { params: Promise<{ id: string; }>; }) => void | Response | Promise<void | Response>'.
      Types of parameters '__1' and 'context' are incompatible.
        Type '{ params: Promise<{ id: string; }>; }' is not assignable to type '{ params: { id: string; }; }'.
          Types of property 'params' are incompatible.
            Property 'id' is missing in type 'Promise<{ id: string; }>' but required in type '{ id: string; }'.
src/app/(app)/dashboard/seeker/notifications/page.tsx(100,26): error TS2304: Cannot find name 'Loader2'.
src/app/(app)/dashboard/seeker/notifications/page.tsx(151,71): error TS2304: Cannot find name 'Loader2'.
src/app/auth/reset-password/page.tsx(129,22): error TS2304: Cannot find name 'Link'.
src/app/auth/reset-password/page.tsx(131,23): error TS2304: Cannot find name 'Link'.
src/components/marketing/LiveActivity.tsx(46,28): error TS2345: Argument of type '{ activeJobs: number; talentProfiles: number; recentActivities?: undefined; } | { activeJobs: number; talentProfiles: number; recentActivities: { company: any; role: any; location: any; time: any; }[]; }' is not assignable to parameter of type 'SetStateAction<{ activeJobs: number; talentProfiles: number; recentActivities: { company: string; role: string; location: string; time: string; }[]; }>'.
  Type '{ activeJobs: number; talentProfiles: number; recentActivities?: undefined; }' is not assignable to type 'SetStateAction<{ activeJobs: number; talentProfiles: number; recentActivities: { company: string; role: string; location: string; time: string; }[]; }>'.
    Type '{ activeJobs: number; talentProfiles: number; recentActivities?: undefined; }' is not assignable to type '{ activeJobs: number; talentProfiles: number; recentActivities: { company: string; role: string; location: string; time: string; }[]; }'.
      Types of property 'recentActivities' are incompatible.
        Type 'undefined' is not assignable to type '{ company: string; role: string; location: string; time: string; }[]'.
src/lib/validations/job.ts(7,13): error TS2769: No overload matches this call.
  Overload 1 of 2, '(values: readonly ["FULL_TIME", "PART_TIME", "CONTRACT", "INTERNSHIP", "FREELANCE"], params?: string | { error?: string | $ZodErrorMap<$ZodIssueInvalidValue<unknown>> | undefined; message?: string | undefined; } | undefined): ZodEnum<...>', gave the following error.
    Object literal may only specify known properties, and 'errorMap' does not exist in type '{ error?: string | $ZodErrorMap<$ZodIssueInvalidValue<unknown>> | undefined; message?: string | undefined; }'.
  Overload 2 of 2, '(entries: Readonly<Record<string, EnumValue>>, params?: string | { error?: string | $ZodErrorMap<$ZodIssueInvalidValue<unknown>> | undefined; message?: string | undefined; } | undefined): ZodEnum<...>', gave the following error.
    Argument of type 'string[]' is not assignable to parameter of type 'Readonly<Record<string, EnumValue>>'.
      Index signature for type 'string' is missing in type 'string[]'.
